This is pdfTeX, Version 3.1415926-1.40.10 (TeX Live 2009/Debian) (format=latex 2011.4.5)  20 AUG 2011 22:44
entering extended mode
 %&-line parsing enabled.
**drm06s-lamb.tex
(./drm06s-lamb.tex
LaTeX2e <2009/09/24>
Babel <v3.8l> and hyphenation patterns for english, usenglishmax, dumylang, noh
yphenation, loaded.
(./sig-alternate-11pt.cls
(/usr/share/texmf-texlive/tex/latex/graphics/epsfig.sty
Package: epsfig 1999/02/16 v1.7a (e)psfig emulation (SPQR)

(/usr/share/texmf-texlive/tex/latex/graphics/graphicx.sty
Package: graphicx 1999/02/16 v1.0f Enhanced LaTeX Graphics (DPC,SPQR)

(/usr/share/texmf-texlive/tex/latex/graphics/keyval.sty
Package: keyval 1999/03/16 v1.13 key=value parser (DPC)
\KV@toks@=\toks14
)
(/usr/share/texmf-texlive/tex/latex/graphics/graphics.sty
Package: graphics 2009/02/05 v1.0o Standard LaTeX Graphics (DPC,SPQR)

(/usr/share/texmf-texlive/tex/latex/graphics/trig.sty
Package: trig 1999/03/16 v1.09 sin cos tan (DPC)
)
(/etc/texmf/tex/latex/config/graphics.cfg
File: graphics.cfg 2009/08/28 v1.8 graphics configuration of TeX Live
)
Package graphics Info: Driver file: dvips.def on input line 91.

(/usr/share/texmf-texlive/tex/latex/graphics/dvips.def
File: dvips.def 1999/02/16 v3.0i Driver-dependant file (DPC,SPQR)
))
\Gin@req@height=\dimen102
\Gin@req@width=\dimen103
)
\epsfxsize=\dimen104
\epsfysize=\dimen105
)
(/usr/share/texmf-texlive/tex/latex/amsfonts/amssymb.sty
Package: amssymb 2009/06/22 v3.00

(/usr/share/texmf-texlive/tex/latex/amsfonts/amsfonts.sty
Package: amsfonts 2009/06/22 v3.00 Basic AMSFonts support
\@emptytoks=\toks15
\symAMSa=\mathgroup4
\symAMSb=\mathgroup5
LaTeX Font Info:    Overwriting math alphabet `\mathfrak' in version `bold'
(Font)                  U/euf/m/n --> U/euf/b/n on input line 96.
))
(/usr/share/texmf-texlive/tex/latex/amsmath/amsmath.sty
Package: amsmath 2000/07/18 v2.13 AMS math features
\@mathmargin=\skip41

For additional information on amsmath, use the `?' option.
(/usr/share/texmf-texlive/tex/latex/amsmath/amstext.sty
Package: amstext 2000/06/29 v2.01

(/usr/share/texmf-texlive/tex/latex/amsmath/amsgen.sty
File: amsgen.sty 1999/11/30 v2.0
\@emptytoks=\toks16
\ex@=\dimen106
))
(/usr/share/texmf-texlive/tex/latex/amsmath/amsbsy.sty
Package: amsbsy 1999/11/29 v1.2d
\pmbraise@=\dimen107
)
(/usr/share/texmf-texlive/tex/latex/amsmath/amsopn.sty
Package: amsopn 1999/12/14 v2.01 operator names
)
\inf@bad=\count79
LaTeX Info: Redefining \frac on input line 211.
\uproot@=\count80
\leftroot@=\count81
LaTeX Info: Redefining \overline on input line 307.
\classnum@=\count82
\DOTSCASE@=\count83
LaTeX Info: Redefining \ldots on input line 379.
LaTeX Info: Redefining \dots on input line 382.
LaTeX Info: Redefining \cdots on input line 467.
\Mathstrutbox@=\box26
\strutbox@=\box27
\big@size=\dimen108
LaTeX Font Info:    Redeclaring font encoding OML on input line 567.
LaTeX Font Info:    Redeclaring font encoding OMS on input line 568.
\macc@depth=\count84
\c@MaxMatrixCols=\count85
\dotsspace@=\muskip10
\c@parentequation=\count86
\dspbrk@lvl=\count87
\tag@help=\toks17
\row@=\count88
\column@=\count89
\maxfields@=\count90
\andhelp@=\toks18
\eqnshift@=\dimen109
\alignsep@=\dimen110
\tagshift@=\dimen111
\tagwidth@=\dimen112
\totwidth@=\dimen113
\lineht@=\dimen114
\@envbody=\toks19
\multlinegap=\skip42
\multlinetaggap=\skip43
\mathdisplay@stack=\toks20
LaTeX Info: Redefining \[ on input line 2666.
LaTeX Info: Redefining \] on input line 2667.
)
Document Class 'sig-alternate' <22nd. April '09>. Modified by G.K.M. Tobin/Gerr
y Murray
Based in part upon document Style `acmconf' <22 May 89>. Hacked 4/91 by
shivers@cs.cmu.edu, 4/93 by theobald@cs.mcgill.ca
Excerpts were taken from (Journal Style) 'esub2acm.cls'.
****** Bugs/comments/suggestions/technicalities to Gerry Murray -- murray@hq.ac
m.org ******
Questions on the style, SIGS policies, etc. to Adrienne Griscti griscti@acm.org

\footheight=\dimen115
\@maxsep=\dimen116
\@dblmaxsep=\dimen117
\aucount=\count91
\originalaucount=\count92
\auwidth=\dimen118
\auskip=\dimen119
\auskipcount=\count93
\auskip=\dimen120
\allauboxes=\dimen121
\addauthors=\toks21
\addauflag=\count94
\subtitletext=\toks22
\savesection=\count95
\sectioncntr=\count96
\c@figure=\count97
\c@table=\count98
\titleboxnotes=\toks23
\titleboxnoteflag=\count99
Document Class: sig-alternate-11pt 2009/04/22 - V2.4 - based on acmproc.cls V1.
3 <Nov. 30 '99>
(/usr/share/texmf-texlive/tex/latex/base/latexsym.sty
Package: latexsym 1998/08/17 v2.2e Standard LaTeX package (lasy symbols)
\symlasy=\mathgroup6
LaTeX Font Info:    Overwriting symbol font `lasy' in version `bold'
(Font)                  U/lasy/m/n --> U/lasy/b/n on input line 47.
)
\@acmtitlebox=\box28
\titlenotecount=\count100
\tntoks=\toks24
\tntokstwo=\toks25
\tntoksthree=\toks26
\tntoksfour=\toks27
\tntoksfive=\toks28
\catcount=\count101
\copyrightnotice=\toks29
\conf=\toks30
\confinfo=\toks31
\c@part=\count102
\c@section=\count103
\c@subsection=\count104
\c@subsubsection=\count105
\c@paragraph=\count106

Using 'Abbrev' bibliography style
LaTeX Info: Redefining \cite on input line 1212.
\bibindent=\dimen122
\colcntr=\count107
\saveb@x=\box29
\copyrtyr=\toks32
\acmcopyr=\toks33
\boilerplate=\toks34
\copyrightetc=\toks35
(/usr/share/texmf-texlive/tex/latex/base/fontenc.sty
Package: fontenc 2005/09/27 v1.99g Standard LaTeX package

(/usr/share/texmf-texlive/tex/latex/base/t1enc.def
File: t1enc.def 2005/09/27 v1.99g Standard LaTeX file
LaTeX Font Info:    Redeclaring font encoding T1 on input line 43.
)
LaTeX Font Info:    Try loading font information for T1+aer on input line 100.

(/usr/share/texmf-texlive/tex/latex/ae/t1aer.fd
File: t1aer.fd 1997/11/16 Font definitions for T1/aer.
)))
(/usr/share/texmf-texlive/tex/latex/listings/listings.sty
\lst@mode=\count108
\lst@gtempboxa=\box30
\lst@token=\toks36
\lst@length=\count109
\lst@currlwidth=\dimen123
\lst@column=\count110
\lst@pos=\count111
\lst@lostspace=\dimen124
\lst@width=\dimen125
\lst@newlines=\count112
\lst@lineno=\count113
\abovecaptionskip=\skip44
\belowcaptionskip=\skip45
\lst@maxwidth=\dimen126

(/usr/share/texmf-texlive/tex/latex/listings/lstmisc.sty
File: lstmisc.sty 2007/02/22 1.4 (Carsten Heinz)
\c@lstnumber=\count114
\lst@skipnumbers=\count115
\lst@framebox=\box31
)
(/usr/share/texmf-texlive/tex/latex/listings/listings.cfg
File: listings.cfg 2007/02/22 1.4 listings configuration
))
Package: listings 2007/02/22 1.4 (Carsten Heinz)

(/usr/share/texmf-texlive/tex/latex/psnfss/courier.sty
Package: courier 2005/04/12 PSNFSS-v9.2a (WaS) 
)
(/usr/share/texmf-texlive/tex/latex/multirow/multirow.sty
\bigstrutjot=\dimen127
) (./drm06s-lamb.aux)
\openout1 = `drm06s-lamb.aux'.

LaTeX Font Info:    Checking defaults for OML/cmm/m/it on input line 25.
LaTeX Font Info:    ... okay on input line 25.
LaTeX Font Info:    Checking defaults for T1/cmr/m/n on input line 25.
LaTeX Font Info:    ... okay on input line 25.
LaTeX Font Info:    Checking defaults for OT1/cmr/m/n on input line 25.
LaTeX Font Info:    ... okay on input line 25.
LaTeX Font Info:    Checking defaults for OMS/cmsy/m/n on input line 25.
LaTeX Font Info:    ... okay on input line 25.
LaTeX Font Info:    Checking defaults for OMX/cmex/m/n on input line 25.
LaTeX Font Info:    ... okay on input line 25.
LaTeX Font Info:    Checking defaults for U/cmr/m/n on input line 25.
LaTeX Font Info:    ... okay on input line 25.
\c@lstlisting=\count116
LaTeX Font Info:    Try loading font information for U+msa on input line 46.

(/usr/share/texmf-texlive/tex/latex/amsfonts/umsa.fd
File: umsa.fd 2009/06/22 v3.00 AMS symbols A
)
LaTeX Font Info:    Try loading font information for U+msb on input line 46.

(/usr/share/texmf-texlive/tex/latex/amsfonts/umsb.fd
File: umsb.fd 2009/06/22 v3.00 AMS symbols B
)
LaTeX Font Info:    Try loading font information for U+lasy on input line 46.

(/usr/share/texmf-texlive/tex/latex/base/ulasy.fd
File: ulasy.fd 1998/08/17 v2.2e LaTeX symbol font definitions
)
Overfull \hbox (2.11864pt too wide) in paragraph at lines 49--51
\ninept clud-ing cre-ative com-mons, the ex-ten-si-ble rights markup
 []

(./content/introduction.tex
Overfull \hbox (10.63249pt too wide) in paragraph at lines 4--5
\ninept put-ing sys-tems, ex-cept at edge de-vices like mo-bile phones
 []


Underfull \vbox (badness 10000) has occurred while \output is active []

 [1


]
Overfull \hbox (3.93378pt too wide) in paragraph at lines 10--11
\ninept us-age man-age-ment, within a Do-main Spe-cific Lan-guage
 []


Overfull \hbox (3.91118pt too wide) in paragraph at lines 10--11
\ninept (DSL) and as-so-ci-ated eval-u-a-tion en-vi-ron-ment. The DSL
 []


Overfull \hbox (12.81046pt too wide) in paragraph at lines 10--11
\ninept frame-work, sep-a-rat-ing var-i-ous roles needed for dis-tributed
 []


Overfull \hbox (4.63673pt too wide) in paragraph at lines 15--16
\ninept is-tics of tra-di-tional ac-cess con-trol and dig-i-tal rights man-
 []


Overfull \hbox (12.75566pt too wide) in paragraph at lines 19--20
[]\ninept The pol-icy run-time el-e-ments can be dy-nam-i-cally loaded
 []

) (./content/model.tex
Overfull \hbox (12.90933pt too wide) in paragraph at lines 21--1
\ninept cepts such as pro-grammable li-censes and com-mon ecosys-
 []


Overfull \hbox (1.83275pt too wide) in paragraph at lines 21--1
\ninept en-able in-ter-op-er-abil-ity, and lo-ca-tions where they should
 []

File: ./images/players.eps Graphic file (type eps)
<./images/players.eps>
Overfull \hbox (5.71754pt too wide) in paragraph at lines 6--7
 [][] 
 []


Overfull \hbox (4.75859pt too wide) in paragraph at lines 11--12
\ninept three pri-mary ac-tors work in tan-dem to cre-ate ex-e-cutable
 []

[2]
Overfull \hbox (6.49617pt too wide) in paragraph at lines 20--21
\ninept times that pol-icy is de-signed and cre-ated. Poli-cies should
 []

File: ./images/use-cases.eps Graphic file (type eps)
<./images/use-cases.eps> [3]
Overfull \hbox (1.21645pt too wide) in paragraph at lines 41--42
\ninept and de-vel-ops the ap-pro-pri-ate DSL com-po-nents re-quired
 []


Overfull \hbox (8.48822pt too wide) in paragraph at lines 43--44
\ninept and ver-ify pol-icy are com-mon de-vel-op-ment steps through
 []


Overfull \hbox (6.1715pt too wide) in paragraph at lines 62--63
[]\T1/aer/bx/n/9 Resource\ninept . A re-source is the ar-ti-fact over which
 []


Overfull \hbox (7.70119pt too wide) in paragraph at lines 62--63
\ninept of ar-ti-fact what-so-ever, rang-ing from doc-u-ments
 []


Overfull \hbox (4.9284pt too wide) in paragraph at lines 62--63
\ninept so-ci-ated URI, a canon-i-cal name, a MIME type,
 []

[4]
File: ./images/ontology.eps Graphic file (type eps)
 <./images/ontology.eps>
Overfull \hbox (2.81706pt too wide) in paragraph at lines 81--82
\ninept per-mis-sions and obli-ga-tions, and uses the con-
 []


Overfull \hbox (6.02861pt too wide) in paragraph at lines 82--83
\ninept specif-i-cally ex-am-ine con-straints de-fined within
 []


Overfull \hbox (5.2481pt too wide) in paragraph at lines 82--83
\ninept must be true) to more com-plex schemes where,
 []

File: ./images/usage-semantics.eps Graphic file (type eps)
<./images/usage-semantics.eps> [5]
Overfull \hbox (4.4846pt too wide) in paragraph at lines 100--101
[]\ninept We have also sep-a-rated the def-i-ni-tion of \T1/aer/m/it/9 ac-tiv-i
-ties \ninept from
 []


Underfull \vbox (badness 2644) has occurred while \output is active []

File: ./images/lifecycle.eps Graphic file (type eps)

<./images/lifecycle.eps>
Overfull \hbox (7.39824pt too wide) in paragraph at lines 114--115
[]\ninept Policies and con-texts have slightly dif-fer-ent life-cycles
 []

[6]) (./content/language.tex
File: ./images/DSL-usage.eps Graphic file (type eps)
 <./images/DSL-usage.eps>
Overfull \hbox (12.94499pt too wide) in paragraph at lines 8--9
 [][] 
 []


Overfull \hbox (1.87666pt too wide) in paragraph at lines 14--15
\ninept along with an ap-pro-pri-ate eval-u-a-tor is then used to spec-
 []


Overfull \hbox (9.77116pt too wide) in paragraph at lines 51--52
\T1/aer/m/it/9 ty-Clear-ance \ninept prop-erty val-ues have the or-der-ing $\OM
L/cmm/m/it/9 Top Secret >
 []

[7]
LaTeX Font Info:    Try loading font information for T1+pcr on input line 55.
 (/usr/share/texmf-texlive/tex/latex/psnfss/t1pcr.fd
File: t1pcr.fd 2001/06/04 font definitions for T1/pcr.
)
(./content/code/policy/property_1.pol) (./content/code/policy/property_2.pol)
(./content/code/policy/entity.pol [8])
Overfull \hbox (3.75691pt too wide) in paragraph at lines 65--66
[]\ninept The above spec-i-fi-ca-tion gen-er-ates the \T1/aer/m/it/9 Sub-ject\n
inept , \T1/aer/m/it/9 Re-source
 []

(./content/code/policy/context.pol)
Overfull \hbox (4.35057pt too wide) in paragraph at lines 69--70
[]\ninept This spec-i-fi-ca-tion gen-er-ates the \T1/aer/m/it/9 Mul-ti-levelSe-
cu-rity \ninept class
 []

(./content/code/policy/activity_1.pol) (./content/code/policy/activity_2.pol)
Overfull \hbox (6.82635pt too wide) in paragraph at lines 85--86
\ninept fined, we can es-tab-lish re-la-tion-ships be-tween them. Such
 []

(./content/code/policy/policy_1.pol) (./content/code/policy/policy_2.pol
[9])
Overfull \hbox (2.36037pt too wide) in paragraph at lines 110--111
\ninept straints to be ex-pressed as boolean for-mu-las con-structed
 []

) (./content/applied.tex
Overfull \hbox (13.43784pt too wide) in paragraph at lines 114--1
\ninept pres-sion lan-guages and frame-works such as ODRL, XrML
 []


Overfull \hbox (8.93831pt too wide) in paragraph at lines 2--3
[]\ninept Now that the DSL has been mod-eled and im-ple-mented,
 []

(./content/creative-commons.tex
Overfull \hbox (3.72481pt too wide) in paragraph at lines 4--5
[]\ninept Seven main li-cense types are de-fined by cre-ative com-
 []

[10]
Overfull \hbox (8.28354pt too wide) in paragraph at lines 10--11
\ninept for re-dis-tri-bu-tion, com-mer-cial and non-commercial,
 []


Overfull \hbox (9.5271pt too wide) in paragraph at lines 11--12
\ninept must also ac-knowl-edge you and be non-commercial,
 []


Overfull \hbox (5.49437pt too wide) in paragraph at lines 12--13
[]\T1/aer/bx/n/9 Attribution, Non-Commercial, Share-Alike\ninept . This
 []


Overfull \hbox (4.31323pt too wide) in paragraph at lines 12--13
\ninept your work non-commercially, as long as they credit
 []

(./content/code/cc/activity.rb) (./content/code/cc/constraints.rb)
Overfull \hbox (40.6528pt too wide) in paragraph at lines 26--27
\ninept straint with the \T1/pcr/m/n/9 share \ninept ac-tiv-ity. Like-wise, the
 \T1/pcr/m/n/9 share_by_sa_work
 []


Overfull \hbox (38.30856pt too wide) in paragraph at lines 26--27
\ninept re-stricted ac-tiv-ity as-so-ciates the \T1/pcr/m/n/9 attribution \nine
pt and \T1/pcr/m/n/9 share_alike
 []

(./content/code/cc/restrictedactivities.rb) [11]) (./content/odrl.tex
Overfull \hbox (2.84416pt too wide) in paragraph at lines 2--3
\ninept the ODRL Ex-pres-sion lan-guage there are dif-fer-ent mod-
 []


Overfull \hbox (3.32932pt too wide) in paragraph at lines 8--9
\ninept have been per-formed prior to use, and as such can model
 []


Overfull \hbox (10.21436pt too wide) in paragraph at lines 12--13
[]\ninept To demon-strate the map-ping be-tween the ODRL model
 []

(./content/code/odrl/odrl.xml) (./content/code/policy/example.pol) [12])
(./content/xrml.tex
Overfull \hbox (8.86739pt too wide) in paragraph at lines 4--5
[]\ninept A \T1/aer/m/it/9 prin-ci-pal\ninept , in XrML, is some-one who has be
en granted
 []

(./content/code/xrml/xrml.xml
Overfull \hbox (7.80252pt too wide) in paragraph at lines 9--10
[][][][][][][][][][][][][][] 
 []

))) (./content/conclusion.tex
Overfull \hbox (3.87885pt too wide) in paragraph at lines 2--3
\ninept tures how-ever gen-er-ally in-clude the need for ei-ther ubiq-
 []


Overfull \hbox (12.53519pt too wide) in paragraph at lines 2--3
\ninept ten-sive trans-la-tion be-tween all sup-ported rights lan-guages. 
 []

[13]) (./content/references.tex (./drm06s-lamb.bbl
Overfull \hbox (44.77606pt too wide) in paragraph at lines 4--8
[]\T1/pcr/m/n/8 xml.coverpages.org/OMA-ERELD_DRM-V2_0_0-20040401-D.pdf\ninept .
  
 []


Underfull \vbox (badness 10000) has occurred while \output is active []

 [14]
Overfull \hbox (30.37605pt too wide) in paragraph at lines 138--142
[]\T1/pcr/m/n/8 http://virtualgoods.tu-ilmenau.de/2004/program.html\ninept .  
 []

)) [15

] (./drm06s-lamb.aux) ) 
Here is how much of TeX's memory you used:
 3181 strings out of 495062
 40535 string characters out of 1182645
 121853 words of memory out of 3000000
 6243 multiletter control sequences out of 15000+50000
 43780 words of font info for 56 fonts, out of 3000000 for 9000
 28 hyphenation exceptions out of 8191
 39i,10n,32p,1641b,1443s stack positions out of 5000i,500n,10000p,200000b,50000s

Output written on drm06s-lamb.dvi (15 pages, 106860 bytes).
